Build started 7/20/2024 8:11:27 PM.
     1>Project "C:\Projects.vic.auris\MarcoHiRedis\hiredistesting\Hiredistest\Hiredistest.vcxproj" on node 2 (Build target(s)).
     1>ClCompile:
         C:\Program Files (x86)\Microsoft Visual Studio 12.0\VC\bin\x86_amd64\CL.exe /c /IC:\Projects.vic.auris\MarcoHiRedis\hiredistesting\Hiredistest\Hiredis\src /IC:\Projects.vic.auris\MarcoHiRedis\hiredistesting\Hiredistest\Hiredis\include /Zi /nologo /W3 /WX- /sdl /Od /D WIN32 /D _DEBUG /D _CONSOLE /D _LIB /D _CRT_SECURE_NO_WARNINGS /D _MBCS /Gm /EHa /RTC1 /MTd /GS /fp:precise /Zc:wchar_t /Zc:forScope /Fo"x64\Debug\\" /Fd"x64\Debug\vc120.pdb" /Gd /TP /errorReport:prompt Hiredistest.cpp stdafx.cpp
         stdafx.cpp
         Hiredistest.cpp
     1>c:\projects.vic.auris\marcohiredis\hiredistesting\hiredistest\hiredis\include\hiredis\sds.h(55): warning C4200: nonstandard extension used : zero-sized array in struct/union
                 Cannot generate copy-ctor or copy-assignment operator when UDT contains a zero-sized array
     1>c:\projects.vic.auris\marcohiredis\hiredistesting\hiredistest\hiredis\include\hiredis\sds.h(61): warning C4200: nonstandard extension used : zero-sized array in struct/union
                 Cannot generate copy-ctor or copy-assignment operator when UDT contains a zero-sized array
     1>c:\projects.vic.auris\marcohiredis\hiredistesting\hiredistest\hiredis\include\hiredis\sds.h(67): warning C4200: nonstandard extension used : zero-sized array in struct/union
                 Cannot generate copy-ctor or copy-assignment operator when UDT contains a zero-sized array
     1>c:\projects.vic.auris\marcohiredis\hiredistesting\hiredistest\hiredis\include\hiredis\sds.h(73): warning C4200: nonstandard extension used : zero-sized array in struct/union
                 Cannot generate copy-ctor or copy-assignment operator when UDT contains a zero-sized array
     1>c:\projects.vic.auris\marcohiredis\hiredistesting\hiredistest\hiredis\include\hiredis\sds.h(79): warning C4200: nonstandard extension used : zero-sized array in struct/union
                 Cannot generate copy-ctor or copy-assignment operator when UDT contains a zero-sized array
         Generating Code...
       Link:
         C:\Program Files (x86)\Microsoft Visual Studio 12.0\VC\bin\x86_amd64\link.exe /ERRORREPORT:PROMPT /OUT:"C:\Projects.vic.auris\MarcoHiRedis\hiredistesting\x64\Debug\Hiredistest.exe" /INCREMENTAL /NOLOGO /LIBPATH:"C:\Dev\Visual Studio 2013\Hiredistest\Hiredistest\Hiredis\lib" /LIBPATH:"C:\Dev\Visual Studio 2013\Hiredistest\Hiredistest\Hiredis\Debug" hiredis.lib kernel32.lib user32.lib gdi32.lib winspool.lib comdlg32.lib advapi32.lib shell32.lib ole32.lib oleaut32.lib uuid.lib odbc32.lib odbccp32.lib /MANIFEST /MANIFESTUAC:"level='asInvoker' uiAccess='false'" /manifest:embed /DEBUG /PDB:"C:\Projects.vic.auris\MarcoHiRedis\hiredistesting\x64\Debug\Hiredistest.pdb" /SUBSYSTEM:CONSOLE /TLBID:1 /DYNAMICBASE /NXCOMPAT /IMPLIB:"C:\Projects.vic.auris\MarcoHiRedis\hiredistesting\x64\Debug\Hiredistest.lib" /MACHINE:X64 x64\Debug\Hiredistest.obj
         x64\Debug\stdafx.obj
     1>LINK : fatal error LNK1104: cannot open file 'hiredis.lib'
     1>Done Building Project "C:\Projects.vic.auris\MarcoHiRedis\hiredistesting\Hiredistest\Hiredistest.vcxproj" (Build target(s)) -- FAILED.

Build FAILED.

Time Elapsed 00:00:01.02
